<?xml version="1.0" encoding="utf-8" standalone="no"?>
<test-run id="2" testcasecount="2" result="Passed" total="2" passed="2" failed="0" inconclusive="0" skipped="0" asserts="2" engine-version="3.6.1.0" clr-version="4.0.30319.42000" start-time="2017-07-28 10:32:52Z" end-time="2017-07-28 10:33:07Z" duration="15.277726">
  <command-line><![CDATA["D:\Automated_Tests\Automated_Test_Temp\packages\NUnit.ConsoleRunner.3.6.1\tools\nunit3-console.exe" D:\Automated_Tests\Automated_Test_Temp\Temp_Tests\bin\Debug\Temp_Tests.dll]]></command-line>
  <test-suite type="Assembly" id="0-1005" name="Temp_Tests.dll" fullname="D:\Automated_Tests\Automated_Test_Temp\Temp_Tests\bin\Debug\Temp_Tests.dll" runstate="Runnable" testcasecount="2" result="Passed" start-time="2017-07-28 10:32:53Z" end-time="2017-07-28 10:33:07Z" duration="14.552171" total="2" passed="2" failed="0" inconclusive="0" skipped="0" asserts="2">
    <environment framework-version="3.4.1.0" clr-version="4.0.30319.42000" os-version="Microsoft Windows NT 10.0.10586.0" platform="Win32NT" cwd="D:\Gradwell\Bamboo\xml-data\build-dir\TES-TEST-JOB1" machine-name="DTPC39" user="nemanja.djurisic" user-domain="DEVTECH" culture="en-US" uiculture="en-US" os-architecture="x64" />
    <settings>
      <setting name="DisposeRunners" value="True" />
      <setting name="WorkDirectory" value="D:\Gradwell\Bamboo\xml-data\build-dir\TES-TEST-JOB1" />
      <setting name="ImageRuntimeVersion" value="4.0.30319" />
      <setting name="ImageTargetFrameworkName" value=".NETFramework,Version=v4.5.2" />
      <setting name="ImageRequiresX86" value="False" />
      <setting name="ImageRequiresDefaultAppDomainAssemblyResolver" value="False" />
      <setting name="NumberOfTestWorkers" value="4" />
    </settings>
    <properties>
      <property name="_PID" value="26084" />
      <property name="_APPDOMAIN" value="domain-" />
    </properties>
    <test-suite type="TestSuite" id="0-1006" name="Temp_Tests" fullname="Temp_Tests" runstate="Runnable" testcasecount="2" result="Passed" start-time="2017-07-28 10:32:53Z" end-time="2017-07-28 10:33:07Z" duration="14.530818" total="2" passed="2" failed="0" inconclusive="0" skipped="0" asserts="2">
      <test-suite type="ParameterizedFixture" id="0-1004" name="Test_Temp1" fullname="Temp_Tests.Test_Temp1" runstate="Runnable" testcasecount="2" result="Passed" start-time="2017-07-28 10:32:53Z" end-time="2017-07-28 10:33:07Z" duration="14.527331" total="2" passed="2" failed="0" inconclusive="0" skipped="0" asserts="2">
        <test-suite type="TestFixture" id="0-1002" name="Test_Temp1(&quot;Chrome&quot;,&quot;Develop1&quot;)" fullname="Temp_Tests.Test_Temp1(&quot;Chrome&quot;,&quot;Develop1&quot;)" classname="Temp_Tests.Test_Temp1" runstate="Runnable" testcasecount="1" result="Passed" start-time="2017-07-28 10:32:53Z" end-time="2017-07-28 10:32:59Z" duration="6.628853" total="1" passed="1" failed="0" inconclusive="0" skipped="0" asserts="1">
          <test-case id="0-1003" name="VerifyPage" fullname="Temp_Tests.Test_Temp1(&quot;Chrome&quot;,&quot;Develop1&quot;).VerifyPage" methodname="VerifyPage" classname="Temp_Tests.Test_Temp1" runstate="Runnable" seed="704283995" result="Passed" start-time="2017-07-28 10:32:53Z" end-time="2017-07-28 10:32:59Z" duration="6.613682" asserts="1" />
        </test-suite>
        <test-suite type="TestFixture" id="0-1000" name="Test_Temp1(&quot;FireFox&quot;,&quot;Develop1&quot;)" fullname="Temp_Tests.Test_Temp1(&quot;FireFox&quot;,&quot;Develop1&quot;)" classname="Temp_Tests.Test_Temp1" runstate="Runnable" testcasecount="1" result="Passed" start-time="2017-07-28 10:32:59Z" end-time="2017-07-28 10:33:07Z" duration="7.890097" total="1" passed="1" failed="0" inconclusive="0" skipped="0" asserts="1">
          <test-case id="0-1001" name="VerifyPage" fullname="Temp_Tests.Test_Temp1(&quot;FireFox&quot;,&quot;Develop1&quot;).VerifyPage" methodname="VerifyPage" classname="Temp_Tests.Test_Temp1" runstate="Runnable" seed="1417316878" result="Passed" start-time="2017-07-28 10:32:59Z" end-time="2017-07-28 10:33:07Z" duration="7.887368" asserts="1" />
        </test-suite>
      </test-suite>
    </test-suite>
  </test-suite>
</test-run>
